<?xml version="1.0" encoding="UTF-8"?>
<testsuite xmlns:xsi="http://www.w3.org/2001/XMLSchema-instance" xsi:noNamespaceSchemaLocation="https://maven.apache.org/surefire/maven-surefire-plugin/xsd/surefire-test-report-3.0.xsd" version="3.0" name="com.waterwise.dto.CompleteProfileDTOTest" time="0.358" tests="10" errors="0" skipped="0" failures="0">
  <properties>
[...]
</properties>
  <testcase name="deveRejeitarCpfCnpjNulo" classname="com.waterwise.dto.CompleteProfileDTOTest" time="0.275">
    <system-out><![CDATA[00:30:35.542 [main] INFO org.hibernate.validator.internal.util.Version -- HV000001: Hibernate Validator 8.0.2.Final
]]></system-out>
  </testcase>
  <testcase name="deveRejeitarNomeVazio" classname="com.waterwise.dto.CompleteProfileDTOTest" time="0.007"/>
  <testcase name="deveRejeitarNomeMuitoLongo" classname="com.waterwise.dto.CompleteProfileDTOTest" time="0.007"/>
  <testcase name="deveRejeitarNomeNulo" classname="com.waterwise.dto.CompleteProfileDTOTest" time="0.006"/>
  <testcase name="deveRejeitarCpfFormatoInvalido" classname="com.waterwise.dto.CompleteProfileDTOTest" time="0.007"/>
  <testcase name="deveValidarMultiplosErros" classname="com.waterwise.dto.CompleteProfileDTOTest" time="0.009"/>
  <testcase name="deveRejeitarTelefoneNulo" classname="com.waterwise.dto.CompleteProfileDTOTest" time="0.006"/>
  <testcase name="deveValidarDtoValido" classname="com.waterwise.dto.CompleteProfileDTOTest" time="0.007"/>
  <testcase name="deveRejeitarTelefoneFormatoInvalido" classname="com.waterwise.dto.CompleteProfileDTOTest" time="0.006"/>
  <testcase name="deveAceitarCnpjValido" classname="com.waterwise.dto.CompleteProfileDTOTest" time="0.006"/>
</testsuite>